\BOOKMARK [0][-]{chapter.1}{\376\377\0001\000\040\000N\000a\000m\000e\000s\000p\000a\000c\000e\000\040\000I\000n\000d\000e\000x}{}% 1
\BOOKMARK [1][-]{section.1.1}{\376\377\0001\000.\0001\000\040\000N\000a\000m\000e\000s\000p\000a\000c\000e\000\040\000L\000i\000s\000t}{chapter.1}% 2
\BOOKMARK [0][-]{chapter.2}{\376\377\0002\000\040\000H\000i\000e\000r\000a\000r\000c\000h\000i\000c\000a\000l\000\040\000I\000n\000d\000e\000x}{}% 3
\BOOKMARK [1][-]{section.2.1}{\376\377\0002\000.\0001\000\040\000C\000l\000a\000s\000s\000\040\000H\000i\000e\000r\000a\000r\000c\000h\000y}{chapter.2}% 4
\BOOKMARK [0][-]{chapter.3}{\376\377\0003\000\040\000C\000l\000a\000s\000s\000\040\000I\000n\000d\000e\000x}{}% 5
\BOOKMARK [1][-]{section.3.1}{\376\377\0003\000.\0001\000\040\000C\000l\000a\000s\000s\000\040\000L\000i\000s\000t}{chapter.3}% 6
\BOOKMARK [0][-]{chapter.4}{\376\377\0004\000\040\000F\000i\000l\000e\000\040\000I\000n\000d\000e\000x}{}% 7
\BOOKMARK [1][-]{section.4.1}{\376\377\0004\000.\0001\000\040\000F\000i\000l\000e\000\040\000L\000i\000s\000t}{chapter.4}% 8
\BOOKMARK [0][-]{chapter.5}{\376\377\0005\000\040\000N\000a\000m\000e\000s\000p\000a\000c\000e\000\040\000D\000o\000c\000u\000m\000e\000n\000t\000a\000t\000i\000o\000n}{}% 9
\BOOKMARK [1][-]{section.5.1}{\376\377\0005\000.\0001\000\040\000P\000a\000c\000k\000a\000g\000e\000\040\000i\000t\000.\000u\000n\000i\000v\000e\000r\000s\000i\000t\000y\000.\000g\000r\000o\000u\000p\0009\000.\000r\000u\000b\000r\000i\000c\000a\000c\000o\000n\000t\000a\000t\000t\000i\000g\000r\000o\000u\000p\0009}{chapter.5}% 10
\BOOKMARK [1][-]{section.5.2}{\376\377\0005\000.\0002\000\040\000P\000a\000c\000k\000a\000g\000e\000\040\000i\000t\000.\000u\000n\000i\000v\000e\000r\000s\000i\000t\000y\000.\000g\000r\000o\000u\000p\0009\000.\000r\000u\000b\000r\000i\000c\000a\000c\000o\000n\000t\000a\000t\000t\000i\000g\000r\000o\000u\000p\0009\000.\000e\000x\000c\000e\000p\000t\000i\000o\000n\000s}{chapter.5}% 11
\BOOKMARK [1][-]{section.5.3}{\376\377\0005\000.\0003\000\040\000P\000a\000c\000k\000a\000g\000e\000\040\000i\000t\000.\000u\000n\000i\000v\000e\000r\000s\000i\000t\000y\000.\000g\000r\000o\000u\000p\0009\000.\000r\000u\000b\000r\000i\000c\000a\000c\000o\000n\000t\000a\000t\000t\000i\000g\000r\000o\000u\000p\0009\000.\000I\000n\000p\000u\000t\000O\000u\000t\000p\000u\000t}{chapter.5}% 12
\BOOKMARK [2][-]{subsection.5.3.1}{\376\377\0005\000.\0003\000.\0001\000\040\000D\000e\000t\000a\000i\000l\000e\000d\000\040\000D\000e\000s\000c\000r\000i\000p\000t\000i\000o\000n}{section.5.3}% 13
\BOOKMARK [1][-]{section.5.4}{\376\377\0005\000.\0004\000\040\000P\000a\000c\000k\000a\000g\000e\000\040\000i\000t\000.\000u\000n\000i\000v\000e\000r\000s\000i\000t\000y\000.\000g\000r\000o\000u\000p\0009\000.\000r\000u\000b\000r\000i\000c\000a\000c\000o\000n\000t\000a\000t\000t\000i\000g\000r\000o\000u\000p\0009\000.\000v\000a\000l\000i\000d\000a\000t\000o\000r\000s}{chapter.5}% 14
\BOOKMARK [0][-]{chapter.6}{\376\377\0006\000\040\000C\000l\000a\000s\000s\000\040\000D\000o\000c\000u\000m\000e\000n\000t\000a\000t\000i\000o\000n}{}% 15
\BOOKMARK [1][-]{section.6.1}{\376\377\0006\000.\0001\000\040\000i\000t\000.\000u\000n\000i\000v\000e\000r\000s\000i\000t\000y\000.\000g\000r\000o\000u\000p\0009\000.\000r\000u\000b\000r\000i\000c\000a\000c\000o\000n\000t\000a\000t\000t\000i\000g\000r\000o\000u\000p\0009\000.\000A\000p\000p\000\040\000C\000l\000a\000s\000s\000\040\000R\000e\000f\000e\000r\000e\000n\000c\000e}{chapter.6}% 16
\BOOKMARK [2][-]{subsection.6.1.1}{\376\377\0006\000.\0001\000.\0001\000\040\000D\000e\000t\000a\000i\000l\000e\000d\000\040\000D\000e\000s\000c\000r\000i\000p\000t\000i\000o\000n}{section.6.1}% 17
\BOOKMARK [2][-]{subsection.6.1.2}{\376\377\0006\000.\0001\000.\0002\000\040\000M\000e\000m\000b\000e\000r\000\040\000F\000u\000n\000c\000t\000i\000o\000n\000\040\000D\000o\000c\000u\000m\000e\000n\000t\000a\000t\000i\000o\000n}{section.6.1}% 18
\BOOKMARK [3][-]{subsubsection.6.1.2.1}{\376\377\0006\000.\0001\000.\0002\000.\0001\000\040\000m\000a\000i\000n\000\050\000\051}{subsection.6.1.2}% 19
\BOOKMARK [3][-]{subsubsection.6.1.2.2}{\376\377\0006\000.\0001\000.\0002\000.\0002\000\040\000s\000t\000a\000r\000t\000\050\000\051}{subsection.6.1.2}% 20
\BOOKMARK [1][-]{section.6.2}{\376\377\0006\000.\0002\000\040\000i\000t\000.\000u\000n\000i\000v\000e\000r\000s\000i\000t\000y\000.\000g\000r\000o\000u\000p\0009\000.\000r\000u\000b\000r\000i\000c\000a\000c\000o\000n\000t\000a\000t\000t\000i\000g\000r\000o\000u\000p\0009\000.\000e\000x\000c\000e\000p\000t\000i\000o\000n\000s\000.\000C\000a\000m\000p\000o\000N\000o\000n\000V\000a\000l\000i\000d\000o\000E\000x\000c\000e\000p\000t\000i\000o\000n\000\040\000C\000l\000a\000s\000s\000\040\000R\000e\000f\000e\000r\000e\000n\000c\000e}{chapter.6}% 21
\BOOKMARK [2][-]{subsection.6.2.1}{\376\377\0006\000.\0002\000.\0001\000\040\000C\000o\000n\000s\000t\000r\000u\000c\000t\000o\000r\000\040\000\046\000\040\000D\000e\000s\000t\000r\000u\000c\000t\000o\000r\000\040\000D\000o\000c\000u\000m\000e\000n\000t\000a\000t\000i\000o\000n}{section.6.2}% 22
\BOOKMARK [3][-]{subsubsection.6.2.1.1}{\376\377\0006\000.\0002\000.\0001\000.\0001\000\040\000C\000a\000m\000p\000o\000N\000o\000n\000V\000a\000l\000i\000d\000o\000E\000x\000c\000e\000p\000t\000i\000o\000n\000\050\000\051}{subsection.6.2.1}% 23
\BOOKMARK [1][-]{section.6.3}{\376\377\0006\000.\0003\000\040\000i\000t\000.\000u\000n\000i\000v\000e\000r\000s\000i\000t\000y\000.\000g\000r\000o\000u\000p\0009\000.\000r\000u\000b\000r\000i\000c\000a\000c\000o\000n\000t\000a\000t\000t\000i\000g\000r\000o\000u\000p\0009\000.\000C\000o\000n\000t\000a\000t\000t\000o\000\040\000C\000l\000a\000s\000s\000\040\000R\000e\000f\000e\000r\000e\000n\000c\000e}{chapter.6}% 24
\BOOKMARK [2][-]{subsection.6.3.1}{\376\377\0006\000.\0003\000.\0001\000\040\000C\000o\000n\000s\000t\000r\000u\000c\000t\000o\000r\000\040\000\046\000\040\000D\000e\000s\000t\000r\000u\000c\000t\000o\000r\000\040\000D\000o\000c\000u\000m\000e\000n\000t\000a\000t\000i\000o\000n}{section.6.3}% 25
\BOOKMARK [3][-]{subsubsection.6.3.1.1}{\376\377\0006\000.\0003\000.\0001\000.\0001\000\040\000C\000o\000n\000t\000a\000t\000t\000o\000\050\000\051\000\040\000[\0001\000/\0002\000]}{subsection.6.3.1}% 26
\BOOKMARK [3][-]{subsubsection.6.3.1.2}{\376\377\0006\000.\0003\000.\0001\000.\0002\000\040\000C\000o\000n\000t\000a\000t\000t\000o\000\050\000\051\000\040\000[\0002\000/\0002\000]}{subsection.6.3.1}% 27
\BOOKMARK [2][-]{subsection.6.3.2}{\376\377\0006\000.\0003\000.\0002\000\040\000M\000e\000m\000b\000e\000r\000\040\000F\000u\000n\000c\000t\000i\000o\000n\000\040\000D\000o\000c\000u\000m\000e\000n\000t\000a\000t\000i\000o\000n}{section.6.3}% 28
\BOOKMARK [3][-]{subsubsection.6.3.2.1}{\376\377\0006\000.\0003\000.\0002\000.\0001\000\040\000c\000o\000m\000p\000a\000r\000e\000T\000o\000\050\000\051}{subsection.6.3.2}% 29
\BOOKMARK [3][-]{subsubsection.6.3.2.2}{\376\377\0006\000.\0003\000.\0002\000.\0002\000\040\000e\000q\000u\000a\000l\000s\000\050\000\051}{subsection.6.3.2}% 30
\BOOKMARK [3][-]{subsubsection.6.3.2.3}{\376\377\0006\000.\0003\000.\0002\000.\0003\000\040\000g\000e\000t\000E\000m\000a\000i\000l\000s\000\050\000\051}{subsection.6.3.2}% 31
\BOOKMARK [3][-]{subsubsection.6.3.2.4}{\376\377\0006\000.\0003\000.\0002\000.\0004\000\040\000g\000e\000t\000G\000e\000n\000\050\000\051}{subsection.6.3.2}% 32
\BOOKMARK [3][-]{subsubsection.6.3.2.5}{\376\377\0006\000.\0003\000.\0002\000.\0005\000\040\000g\000e\000t\000N\000a\000m\000e\000\050\000\051}{subsection.6.3.2}% 33
\BOOKMARK [3][-]{subsubsection.6.3.2.6}{\376\377\0006\000.\0003\000.\0002\000.\0006\000\040\000g\000e\000t\000N\000o\000t\000e\000\050\000\051}{subsection.6.3.2}% 34
\BOOKMARK [3][-]{subsubsection.6.3.2.7}{\376\377\0006\000.\0003\000.\0002\000.\0007\000\040\000g\000e\000t\000N\000u\000m\000b\000e\000r\000s\000\050\000\051}{subsection.6.3.2}% 35
\BOOKMARK [3][-]{subsubsection.6.3.2.8}{\376\377\0006\000.\0003\000.\0002\000.\0008\000\040\000g\000e\000t\000S\000u\000r\000n\000a\000m\000e\000\050\000\051}{subsection.6.3.2}% 36
\BOOKMARK [3][-]{subsubsection.6.3.2.9}{\376\377\0006\000.\0003\000.\0002\000.\0009\000\040\000h\000a\000s\000h\000C\000o\000d\000e\000\050\000\051}{subsection.6.3.2}% 37
\BOOKMARK [3][-]{subsubsection.6.3.2.10}{\376\377\0006\000.\0003\000.\0002\000.\0001\0000\000\040\000i\000s\000F\000a\000v\000\050\000\051}{subsection.6.3.2}% 38
\BOOKMARK [3][-]{subsubsection.6.3.2.11}{\376\377\0006\000.\0003\000.\0002\000.\0001\0001\000\040\000s\000e\000t\000F\000a\000v\000\050\000\051}{subsection.6.3.2}% 39
\BOOKMARK [3][-]{subsubsection.6.3.2.12}{\376\377\0006\000.\0003\000.\0002\000.\0001\0002\000\040\000s\000e\000t\000G\000e\000n\000\050\000\051}{subsection.6.3.2}% 40
\BOOKMARK [3][-]{subsubsection.6.3.2.13}{\376\377\0006\000.\0003\000.\0002\000.\0001\0003\000\040\000t\000o\000S\000t\000r\000i\000n\000g\000\050\000\051}{subsection.6.3.2}% 41
\BOOKMARK [1][-]{section.6.4}{\376\377\0006\000.\0004\000\040\000i\000t\000.\000u\000n\000i\000v\000e\000r\000s\000i\000t\000y\000.\000g\000r\000o\000u\000p\0009\000.\000r\000u\000b\000r\000i\000c\000a\000c\000o\000n\000t\000a\000t\000t\000i\000g\000r\000o\000u\000p\0009\000.\000C\000o\000n\000t\000a\000t\000t\000o\000T\000e\000s\000t\000\040\000C\000l\000a\000s\000s\000\040\000R\000e\000f\000e\000r\000e\000n\000c\000e}{chapter.6}% 42
\BOOKMARK [2][-]{subsection.6.4.1}{\376\377\0006\000.\0004\000.\0001\000\040\000M\000e\000m\000b\000e\000r\000\040\000F\000u\000n\000c\000t\000i\000o\000n\000\040\000D\000o\000c\000u\000m\000e\000n\000t\000a\000t\000i\000o\000n}{section.6.4}% 43
\BOOKMARK [3][-]{subsubsection.6.4.1.1}{\376\377\0006\000.\0004\000.\0001\000.\0001\000\040\000t\000e\000s\000t\000C\000o\000m\000p\000a\000r\000e\000T\000o\000\050\000\051}{subsection.6.4.1}% 44
\BOOKMARK [3][-]{subsubsection.6.4.1.2}{\376\377\0006\000.\0004\000.\0001\000.\0002\000\040\000t\000e\000s\000t\000C\000o\000n\000t\000a\000t\000t\000o\000C\000o\000n\000s\000t\000r\000u\000c\000t\000o\000r\000\050\000\051}{subsection.6.4.1}% 45
\BOOKMARK [3][-]{subsubsection.6.4.1.3}{\376\377\0006\000.\0004\000.\0001\000.\0003\000\040\000t\000e\000s\000t\000C\000o\000n\000t\000a\000t\000t\000o\000D\000e\000f\000a\000u\000l\000t\000C\000o\000n\000s\000t\000r\000u\000c\000t\000o\000r\000\050\000\051}{subsection.6.4.1}% 46
\BOOKMARK [3][-]{subsubsection.6.4.1.4}{\376\377\0006\000.\0004\000.\0001\000.\0004\000\040\000t\000e\000s\000t\000E\000q\000u\000a\000l\000s\000\050\000\051}{subsection.6.4.1}% 47
\BOOKMARK [3][-]{subsubsection.6.4.1.5}{\376\377\0006\000.\0004\000.\0001\000.\0005\000\040\000t\000e\000s\000t\000H\000a\000s\000h\000C\000o\000d\000e\000\050\000\051}{subsection.6.4.1}% 48
\BOOKMARK [3][-]{subsubsection.6.4.1.6}{\376\377\0006\000.\0004\000.\0001\000.\0006\000\040\000t\000e\000s\000t\000S\000e\000t\000F\000a\000v\000\050\000\051}{subsection.6.4.1}% 49
\BOOKMARK [1][-]{section.6.5}{\376\377\0006\000.\0005\000\040\000i\000t\000.\000u\000n\000i\000v\000e\000r\000s\000i\000t\000y\000.\000g\000r\000o\000u\000p\0009\000.\000r\000u\000b\000r\000i\000c\000a\000c\000o\000n\000t\000a\000t\000t\000i\000g\000r\000o\000u\000p\0009\000.\000v\000a\000l\000i\000d\000a\000t\000o\000r\000s\000.\000C\000o\000n\000t\000a\000t\000t\000o\000V\000a\000l\000i\000d\000a\000t\000o\000r\000\040\000C\000l\000a\000s\000s\000\040\000R\000e\000f\000e\000r\000e\000n\000c\000e}{chapter.6}% 50
\BOOKMARK [2][-]{subsection.6.5.1}{\376\377\0006\000.\0005\000.\0001\000\040\000M\000e\000m\000b\000e\000r\000\040\000F\000u\000n\000c\000t\000i\000o\000n\000\040\000D\000o\000c\000u\000m\000e\000n\000t\000a\000t\000i\000o\000n}{section.6.5}% 51
\BOOKMARK [3][-]{subsubsection.6.5.1.1}{\376\377\0006\000.\0005\000.\0001\000.\0001\000\040\000v\000a\000l\000i\000d\000a\000t\000e\000E\000m\000a\000i\000l\000\050\000\051}{subsection.6.5.1}% 52
\BOOKMARK [3][-]{subsubsection.6.5.1.2}{\376\377\0006\000.\0005\000.\0001\000.\0002\000\040\000v\000a\000l\000i\000d\000a\000t\000e\000F\000i\000e\000l\000d\000s\000\050\000\051}{subsection.6.5.1}% 53
\BOOKMARK [3][-]{subsubsection.6.5.1.3}{\376\377\0006\000.\0005\000.\0001\000.\0003\000\040\000v\000a\000l\000i\000d\000a\000t\000e\000N\000a\000m\000e\000\050\000\051}{subsection.6.5.1}% 54
\BOOKMARK [3][-]{subsubsection.6.5.1.4}{\376\377\0006\000.\0005\000.\0001\000.\0004\000\040\000v\000a\000l\000i\000d\000a\000t\000e\000P\000h\000o\000n\000e\000N\000u\000m\000b\000e\000r\000\050\000\051}{subsection.6.5.1}% 55
\BOOKMARK [3][-]{subsubsection.6.5.1.5}{\376\377\0006\000.\0005\000.\0001\000.\0005\000\040\000v\000a\000l\000i\000d\000a\000t\000e\000S\000u\000r\000n\000a\000m\000e\000\050\000\051}{subsection.6.5.1}% 56
\BOOKMARK [1][-]{section.6.6}{\376\377\0006\000.\0006\000\040\000i\000t\000.\000u\000n\000i\000v\000e\000r\000s\000i\000t\000y\000.\000g\000r\000o\000u\000p\0009\000.\000r\000u\000b\000r\000i\000c\000a\000c\000o\000n\000t\000a\000t\000t\000i\000g\000r\000o\000u\000p\0009\000.\000v\000a\000l\000i\000d\000a\000t\000o\000r\000s\000.\000C\000o\000n\000t\000a\000t\000t\000o\000V\000a\000l\000i\000d\000a\000t\000o\000r\000T\000e\000s\000t\000\040\000C\000l\000a\000s\000s\000\040\000R\000e\000f\000e\000r\000e\000n\000c\000e}{chapter.6}% 57
\BOOKMARK [2][-]{subsection.6.6.1}{\376\377\0006\000.\0006\000.\0001\000\040\000D\000e\000t\000a\000i\000l\000e\000d\000\040\000D\000e\000s\000c\000r\000i\000p\000t\000i\000o\000n}{section.6.6}% 58
\BOOKMARK [2][-]{subsection.6.6.2}{\376\377\0006\000.\0006\000.\0002\000\040\000M\000e\000m\000b\000e\000r\000\040\000F\000u\000n\000c\000t\000i\000o\000n\000\040\000D\000o\000c\000u\000m\000e\000n\000t\000a\000t\000i\000o\000n}{section.6.6}% 59
\BOOKMARK [3][-]{subsubsection.6.6.2.1}{\376\377\0006\000.\0006\000.\0002\000.\0001\000\040\000t\000e\000s\000t\000V\000a\000l\000i\000d\000a\000t\000e\000E\000m\000a\000i\000l\000\050\000\051}{subsection.6.6.2}% 60
\BOOKMARK [3][-]{subsubsection.6.6.2.2}{\376\377\0006\000.\0006\000.\0002\000.\0002\000\040\000t\000e\000s\000t\000V\000a\000l\000i\000d\000a\000t\000e\000F\000i\000e\000l\000d\000s\000\050\000\051}{subsection.6.6.2}% 61
\BOOKMARK [3][-]{subsubsection.6.6.2.3}{\376\377\0006\000.\0006\000.\0002\000.\0003\000\040\000t\000e\000s\000t\000V\000a\000l\000i\000d\000a\000t\000e\000N\000a\000m\000e\000\050\000\051}{subsection.6.6.2}% 62
\BOOKMARK [3][-]{subsubsection.6.6.2.4}{\376\377\0006\000.\0006\000.\0002\000.\0004\000\040\000t\000e\000s\000t\000V\000a\000l\000i\000d\000a\000t\000e\000P\000h\000o\000n\000e\000N\000u\000m\000b\000e\000r\000\050\000\051}{subsection.6.6.2}% 63
\BOOKMARK [3][-]{subsubsection.6.6.2.5}{\376\377\0006\000.\0006\000.\0002\000.\0005\000\040\000t\000e\000s\000t\000V\000a\000l\000i\000d\000a\000t\000e\000S\000u\000r\000n\000a\000m\000e\000\050\000\051}{subsection.6.6.2}% 64
\BOOKMARK [1][-]{section.6.7}{\376\377\0006\000.\0007\000\040\000i\000t\000.\000u\000n\000i\000v\000e\000r\000s\000i\000t\000y\000.\000g\000r\000o\000u\000p\0009\000.\000r\000u\000b\000r\000i\000c\000a\000c\000o\000n\000t\000a\000t\000t\000i\000g\000r\000o\000u\000p\0009\000.\000v\000a\000l\000i\000d\000a\000t\000o\000r\000s\000.\000G\000e\000s\000t\000i\000o\000n\000e\000D\000u\000p\000l\000i\000c\000a\000t\000i\000\040\000C\000l\000a\000s\000s\000\040\000R\000e\000f\000e\000r\000e\000n\000c\000e}{chapter.6}% 65
\BOOKMARK [2][-]{subsection.6.7.1}{\376\377\0006\000.\0007\000.\0001\000\040\000D\000e\000t\000a\000i\000l\000e\000d\000\040\000D\000e\000s\000c\000r\000i\000p\000t\000i\000o\000n}{section.6.7}% 66
\BOOKMARK [2][-]{subsection.6.7.2}{\376\377\0006\000.\0007\000.\0002\000\040\000M\000e\000m\000b\000e\000r\000\040\000F\000u\000n\000c\000t\000i\000o\000n\000\040\000D\000o\000c\000u\000m\000e\000n\000t\000a\000t\000i\000o\000n}{section.6.7}% 67
\BOOKMARK [3][-]{subsubsection.6.7.2.1}{\376\377\0006\000.\0007\000.\0002\000.\0001\000\040\000i\000s\000A\000d\000d\000V\000a\000l\000i\000d\000\050\000\051}{subsection.6.7.2}% 68
\BOOKMARK [3][-]{subsubsection.6.7.2.2}{\376\377\0006\000.\0007\000.\0002\000.\0002\000\040\000i\000s\000M\000o\000d\000i\000f\000y\000V\000a\000l\000i\000d\000\050\000\051}{subsection.6.7.2}% 69
\BOOKMARK [1][-]{section.6.8}{\376\377\0006\000.\0008\000\040\000i\000t\000.\000u\000n\000i\000v\000e\000r\000s\000i\000t\000y\000.\000g\000r\000o\000u\000p\0009\000.\000r\000u\000b\000r\000i\000c\000a\000c\000o\000n\000t\000a\000t\000t\000i\000g\000r\000o\000u\000p\0009\000.\000v\000a\000l\000i\000d\000a\000t\000o\000r\000s\000.\000G\000e\000s\000t\000i\000o\000n\000e\000D\000u\000p\000l\000i\000c\000a\000t\000i\000T\000e\000s\000t\000\040\000C\000l\000a\000s\000s\000\040\000R\000e\000f\000e\000r\000e\000n\000c\000e}{chapter.6}% 70
\BOOKMARK [2][-]{subsection.6.8.1}{\376\377\0006\000.\0008\000.\0001\000\040\000M\000e\000m\000b\000e\000r\000\040\000F\000u\000n\000c\000t\000i\000o\000n\000\040\000D\000o\000c\000u\000m\000e\000n\000t\000a\000t\000i\000o\000n}{section.6.8}% 71
\BOOKMARK [3][-]{subsubsection.6.8.1.1}{\376\377\0006\000.\0008\000.\0001\000.\0001\000\040\000s\000e\000t\000U\000p\000\050\000\051}{subsection.6.8.1}% 72
\BOOKMARK [3][-]{subsubsection.6.8.1.2}{\376\377\0006\000.\0008\000.\0001\000.\0002\000\040\000t\000e\000a\000r\000D\000o\000w\000n\000\050\000\051}{subsection.6.8.1}% 73
\BOOKMARK [3][-]{subsubsection.6.8.1.3}{\376\377\0006\000.\0008\000.\0001\000.\0003\000\040\000t\000e\000s\000t\000I\000s\000A\000d\000d\000V\000a\000l\000i\000d\000\050\000\051}{subsection.6.8.1}% 74
\BOOKMARK [3][-]{subsubsection.6.8.1.4}{\376\377\0006\000.\0008\000.\0001\000.\0004\000\040\000t\000e\000s\000t\000M\000o\000d\000i\000f\000y\000V\000a\000l\000i\000d\000\050\000\051}{subsection.6.8.1}% 75
\BOOKMARK [1][-]{section.6.9}{\376\377\0006\000.\0009\000\040\000i\000t\000.\000u\000n\000i\000v\000e\000r\000s\000i\000t\000y\000.\000g\000r\000o\000u\000p\0009\000.\000r\000u\000b\000r\000i\000c\000a\000c\000o\000n\000t\000a\000t\000t\000i\000g\000r\000o\000u\000p\0009\000.\000G\000e\000s\000t\000i\000o\000n\000e\000R\000u\000b\000r\000i\000c\000a\000\040\000I\000n\000t\000e\000r\000f\000a\000c\000e\000\040\000R\000e\000f\000e\000r\000e\000n\000c\000e}{chapter.6}% 76
\BOOKMARK [2][-]{subsection.6.9.1}{\376\377\0006\000.\0009\000.\0001\000\040\000M\000e\000m\000b\000e\000r\000\040\000F\000u\000n\000c\000t\000i\000o\000n\000\040\000D\000o\000c\000u\000m\000e\000n\000t\000a\000t\000i\000o\000n}{section.6.9}% 77
\BOOKMARK [3][-]{subsubsection.6.9.1.1}{\376\377\0006\000.\0009\000.\0001\000.\0001\000\040\000a\000d\000d\000C\000o\000n\000t\000a\000c\000t\000\050\000\051}{subsection.6.9.1}% 78
\BOOKMARK [3][-]{subsubsection.6.9.1.2}{\376\377\0006\000.\0009\000.\0001\000.\0002\000\040\000a\000d\000d\000T\000o\000F\000a\000v\000o\000r\000i\000t\000e\000s\000\050\000\051}{subsection.6.9.1}% 79
\BOOKMARK [3][-]{subsubsection.6.9.1.3}{\376\377\0006\000.\0009\000.\0001\000.\0003\000\040\000d\000e\000l\000e\000t\000e\000C\000o\000n\000t\000a\000c\000t\000\050\000\051}{subsection.6.9.1}% 80
\BOOKMARK [3][-]{subsubsection.6.9.1.4}{\376\377\0006\000.\0009\000.\0001\000.\0004\000\040\000e\000d\000i\000t\000C\000o\000n\000t\000a\000c\000t\000\050\000\051}{subsection.6.9.1}% 81
\BOOKMARK [3][-]{subsubsection.6.9.1.5}{\376\377\0006\000.\0009\000.\0001\000.\0005\000\040\000g\000e\000t\000C\000o\000n\000t\000a\000c\000t\000L\000i\000s\000t\000\050\000\051}{subsection.6.9.1}% 82
\BOOKMARK [3][-]{subsubsection.6.9.1.6}{\376\377\0006\000.\0009\000.\0001\000.\0006\000\040\000g\000e\000t\000F\000a\000v\000o\000r\000i\000t\000e\000L\000i\000s\000t\000\050\000\051}{subsection.6.9.1}% 83
\BOOKMARK [3][-]{subsubsection.6.9.1.7}{\376\377\0006\000.\0009\000.\0001\000.\0007\000\040\000r\000e\000m\000o\000v\000e\000F\000r\000o\000m\000F\000a\000v\000o\000r\000i\000t\000e\000s\000\050\000\051}{subsection.6.9.1}% 84
\BOOKMARK [3][-]{subsubsection.6.9.1.8}{\376\377\0006\000.\0009\000.\0001\000.\0008\000\040\000s\000e\000a\000r\000c\000h\000C\000o\000n\000t\000a\000c\000t\000\050\000\051}{subsection.6.9.1}% 85
\BOOKMARK [3][-]{subsubsection.6.9.1.9}{\376\377\0006\000.\0009\000.\0001\000.\0009\000\040\000s\000e\000a\000r\000c\000h\000F\000a\000v\000o\000r\000i\000t\000e\000C\000o\000n\000t\000a\000c\000t\000\050\000\051}{subsection.6.9.1}% 86
\BOOKMARK [1][-]{section.6.10}{\376\377\0006\000.\0001\0000\000\040\000i\000t\000.\000u\000n\000i\000v\000e\000r\000s\000i\000t\000y\000.\000g\000r\000o\000u\000p\0009\000.\000r\000u\000b\000r\000i\000c\000a\000c\000o\000n\000t\000a\000t\000t\000i\000g\000r\000o\000u\000p\0009\000.\000G\000e\000s\000t\000i\000o\000n\000e\000R\000u\000b\000r\000i\000c\000a\000C\000o\000n\000t\000r\000o\000l\000l\000e\000r\000\040\000I\000n\000t\000e\000r\000f\000a\000c\000e\000\040\000R\000e\000f\000e\000r\000e\000n\000c\000e}{chapter.6}% 87
\BOOKMARK [2][-]{subsection.6.10.1}{\376\377\0006\000.\0001\0000\000.\0001\000\040\000M\000e\000m\000b\000e\000r\000\040\000F\000u\000n\000c\000t\000i\000o\000n\000\040\000D\000o\000c\000u\000m\000e\000n\000t\000a\000t\000i\000o\000n}{section.6.10}% 88
\BOOKMARK [3][-]{subsubsection.6.10.1.1}{\376\377\0006\000.\0001\0000\000.\0001\000.\0001\000\040\000d\000e\000l\000e\000t\000e\000A\000c\000t\000i\000o\000n\000\050\000\051}{subsection.6.10.1}% 89
\BOOKMARK [3][-]{subsubsection.6.10.1.2}{\376\377\0006\000.\0001\0000\000.\0001\000.\0002\000\040\000e\000d\000i\000t\000A\000c\000t\000i\000o\000n\000\050\000\051}{subsection.6.10.1}% 90
\BOOKMARK [3][-]{subsubsection.6.10.1.3}{\376\377\0006\000.\0001\0000\000.\0001\000.\0003\000\040\000s\000e\000a\000r\000c\000h\000A\000c\000t\000i\000o\000n\000\050\000\051}{subsection.6.10.1}% 91
\BOOKMARK [3][-]{subsubsection.6.10.1.4}{\376\377\0006\000.\0001\0000\000.\0001\000.\0004\000\040\000s\000h\000o\000w\000E\000r\000r\000o\000r\000D\000i\000a\000l\000o\000g\000\050\000\051}{subsection.6.10.1}% 92
\BOOKMARK [1][-]{section.6.11}{\376\377\0006\000.\0001\0001\000\040\000i\000t\000.\000u\000n\000i\000v\000e\000r\000s\000i\000t\000y\000.\000g\000r\000o\000u\000p\0009\000.\000r\000u\000b\000r\000i\000c\000a\000c\000o\000n\000t\000a\000t\000t\000i\000g\000r\000o\000u\000p\0009\000.\000I\000n\000t\000e\000r\000f\000a\000c\000c\000i\000a\000A\000g\000g\000i\000u\000n\000g\000i\000M\000o\000d\000i\000f\000i\000c\000a\000C\000o\000n\000t\000r\000o\000l\000l\000e\000r\000\040\000C\000l\000a\000s\000s\000\040\000R\000e\000f\000e\000r\000e\000n\000c\000e}{chapter.6}% 93
\BOOKMARK [2][-]{subsection.6.11.1}{\376\377\0006\000.\0001\0001\000.\0001\000\040\000M\000e\000m\000b\000e\000r\000\040\000F\000u\000n\000c\000t\000i\000o\000n\000\040\000D\000o\000c\000u\000m\000e\000n\000t\000a\000t\000i\000o\000n}{section.6.11}% 94
\BOOKMARK [3][-]{subsubsection.6.11.1.1}{\376\377\0006\000.\0001\0001\000.\0001\000.\0001\000\040\000a\000d\000d\000A\000c\000t\000i\000o\000n\000\050\000\051}{subsection.6.11.1}% 95
\BOOKMARK [3][-]{subsubsection.6.11.1.2}{\376\377\0006\000.\0001\0001\000.\0001\000.\0002\000\040\000e\000d\000i\000t\000A\000c\000t\000i\000o\000n\000\050\000\051}{subsection.6.11.1}% 96
\BOOKMARK [3][-]{subsubsection.6.11.1.3}{\376\377\0006\000.\0001\0001\000.\0001\000.\0003\000\040\000i\000n\000i\000t\000i\000a\000l\000i\000z\000e\000\050\000\051}{subsection.6.11.1}% 97
\BOOKMARK [3][-]{subsubsection.6.11.1.4}{\376\377\0006\000.\0001\0001\000.\0001\000.\0004\000\040\000i\000n\000i\000t\000i\000a\000l\000i\000z\000e\000F\000o\000r\000A\000d\000d\000\050\000\051}{subsection.6.11.1}% 98
\BOOKMARK [3][-]{subsubsection.6.11.1.5}{\376\377\0006\000.\0001\0001\000.\0001\000.\0005\000\040\000i\000n\000i\000t\000i\000a\000l\000i\000z\000e\000F\000o\000r\000E\000d\000i\000t\000\050\000\051}{subsection.6.11.1}% 99
\BOOKMARK [1][-]{section.6.12}{\376\377\0006\000.\0001\0002\000\040\000i\000t\000.\000u\000n\000i\000v\000e\000r\000s\000i\000t\000y\000.\000g\000r\000o\000u\000p\0009\000.\000r\000u\000b\000r\000i\000c\000a\000c\000o\000n\000t\000a\000t\000t\000i\000g\000r\000o\000u\000p\0009\000.\000I\000n\000t\000e\000r\000f\000a\000c\000c\000i\000a\000U\000t\000e\000n\000t\000e\000C\000o\000n\000t\000r\000o\000l\000l\000e\000r\000\040\000C\000l\000a\000s\000s\000\040\000R\000e\000f\000e\000r\000e\000n\000c\000e}{chapter.6}% 100
\BOOKMARK [2][-]{subsection.6.12.1}{\376\377\0006\000.\0001\0002\000.\0001\000\040\000M\000e\000m\000b\000e\000r\000\040\000F\000u\000n\000c\000t\000i\000o\000n\000\040\000D\000o\000c\000u\000m\000e\000n\000t\000a\000t\000i\000o\000n}{section.6.12}% 101
\BOOKMARK [3][-]{subsubsection.6.12.1.1}{\376\377\0006\000.\0001\0002\000.\0001\000.\0001\000\040\000a\000d\000d\000A\000c\000t\000i\000o\000n\000\050\000\051}{subsection.6.12.1}% 102
\BOOKMARK [3][-]{subsubsection.6.12.1.2}{\376\377\0006\000.\0001\0002\000.\0001\000.\0002\000\040\000d\000e\000l\000e\000t\000e\000A\000c\000t\000i\000o\000n\000\050\000\051}{subsection.6.12.1}% 103
\BOOKMARK [3][-]{subsubsection.6.12.1.3}{\376\377\0006\000.\0001\0002\000.\0001\000.\0003\000\040\000e\000d\000i\000t\000A\000c\000t\000i\000o\000n\000\050\000\051}{subsection.6.12.1}% 104
\BOOKMARK [3][-]{subsubsection.6.12.1.4}{\376\377\0006\000.\0001\0002\000.\0001\000.\0004\000\040\000g\000e\000t\000C\000o\000n\000t\000a\000c\000t\000L\000i\000s\000t\000\050\000\051}{subsection.6.12.1}% 105
\BOOKMARK [3][-]{subsubsection.6.12.1.5}{\376\377\0006\000.\0001\0002\000.\0001\000.\0005\000\040\000g\000e\000t\000C\000o\000n\000t\000a\000c\000t\000L\000i\000s\000t\000V\000i\000e\000w\000\050\000\051}{subsection.6.12.1}% 106
\BOOKMARK [3][-]{subsubsection.6.12.1.6}{\376\377\0006\000.\0001\0002\000.\0001\000.\0006\000\040\000i\000n\000i\000t\000i\000a\000l\000i\000z\000e\000\050\000\051}{subsection.6.12.1}% 107
\BOOKMARK [3][-]{subsubsection.6.12.1.7}{\376\377\0006\000.\0001\0002\000.\0001\000.\0007\000\040\000r\000e\000f\000r\000e\000s\000h\000C\000o\000n\000t\000a\000c\000t\000L\000i\000s\000t\000\050\000\051}{subsection.6.12.1}% 108
\BOOKMARK [3][-]{subsubsection.6.12.1.8}{\376\377\0006\000.\0001\0002\000.\0001\000.\0008\000\040\000s\000e\000a\000r\000c\000h\000A\000c\000t\000i\000o\000n\000\050\000\051}{subsection.6.12.1}% 109
\BOOKMARK [3][-]{subsubsection.6.12.1.9}{\376\377\0006\000.\0001\0002\000.\0001\000.\0009\000\040\000s\000e\000t\000C\000o\000n\000t\000a\000c\000t\000L\000i\000s\000t\000\050\000\051}{subsection.6.12.1}% 110
\BOOKMARK [3][-]{subsubsection.6.12.1.10}{\376\377\0006\000.\0001\0002\000.\0001\000.\0001\0000\000\040\000s\000e\000t\000L\000i\000s\000t\000V\000i\000e\000w\000\050\000\051}{subsection.6.12.1}% 111
\BOOKMARK [3][-]{subsubsection.6.12.1.11}{\376\377\0006\000.\0001\0002\000.\0001\000.\0001\0001\000\040\000s\000h\000o\000w\000C\000o\000n\000f\000i\000r\000m\000a\000t\000i\000o\000n\000D\000i\000a\000l\000o\000g\000\050\000\051}{subsection.6.12.1}% 112
\BOOKMARK [3][-]{subsubsection.6.12.1.12}{\376\377\0006\000.\0001\0002\000.\0001\000.\0001\0002\000\040\000s\000h\000o\000w\000E\000r\000r\000o\000r\000D\000i\000a\000l\000o\000g\000\050\000\051}{subsection.6.12.1}% 113
\BOOKMARK [3][-]{subsubsection.6.12.1.13}{\376\377\0006\000.\0001\0002\000.\0001\000.\0001\0003\000\040\000s\000w\000i\000t\000c\000h\000T\000o\000F\000a\000v\000o\000r\000i\000t\000e\000\050\000\051}{subsection.6.12.1}% 114
\BOOKMARK [2][-]{subsection.6.12.2}{\376\377\0006\000.\0001\0002\000.\0002\000\040\000M\000e\000m\000b\000e\000r\000\040\000D\000a\000t\000a\000\040\000D\000o\000c\000u\000m\000e\000n\000t\000a\000t\000i\000o\000n}{section.6.12}% 115
\BOOKMARK [3][-]{subsubsection.6.12.2.1}{\376\377\0006\000.\0001\0002\000.\0002\000.\0001\000\040\000a\000d\000d\000r\000e\000s\000s\000B\000o\000o\000k}{subsection.6.12.2}% 116
\BOOKMARK [1][-]{section.6.13}{\376\377\0006\000.\0001\0003\000\040\000i\000t\000.\000u\000n\000i\000v\000e\000r\000s\000i\000t\000y\000.\000g\000r\000o\000u\000p\0009\000.\000r\000u\000b\000r\000i\000c\000a\000c\000o\000n\000t\000a\000t\000t\000i\000g\000r\000o\000u\000p\0009\000.\000M\000e\000n\000u\000P\000r\000e\000f\000e\000r\000i\000t\000i\000C\000o\000n\000t\000r\000o\000l\000l\000e\000r\000\040\000C\000l\000a\000s\000s\000\040\000R\000e\000f\000e\000r\000e\000n\000c\000e}{chapter.6}% 117
\BOOKMARK [2][-]{subsection.6.13.1}{\376\377\0006\000.\0001\0003\000.\0001\000\040\000M\000e\000m\000b\000e\000r\000\040\000F\000u\000n\000c\000t\000i\000o\000n\000\040\000D\000o\000c\000u\000m\000e\000n\000t\000a\000t\000i\000o\000n}{section.6.13}% 118
\BOOKMARK [3][-]{subsubsection.6.13.1.1}{\376\377\0006\000.\0001\0003\000.\0001\000.\0001\000\040\000d\000e\000l\000e\000t\000e\000A\000c\000t\000i\000o\000n\000\050\000\051}{subsection.6.13.1}% 119
\BOOKMARK [3][-]{subsubsection.6.13.1.2}{\376\377\0006\000.\0001\0003\000.\0001\000.\0002\000\040\000e\000d\000i\000t\000A\000c\000t\000i\000o\000n\000\050\000\051}{subsection.6.13.1}% 120
\BOOKMARK [3][-]{subsubsection.6.13.1.3}{\376\377\0006\000.\0001\0003\000.\0001\000.\0003\000\040\000g\000e\000t\000F\000a\000v\000o\000r\000i\000t\000e\000L\000i\000s\000t\000\050\000\051}{subsection.6.13.1}% 121
\BOOKMARK [3][-]{subsubsection.6.13.1.4}{\376\377\0006\000.\0001\0003\000.\0001\000.\0004\000\040\000g\000e\000t\000F\000a\000v\000o\000r\000i\000t\000e\000L\000i\000s\000t\000V\000i\000e\000w\000\050\000\051}{subsection.6.13.1}% 122
\BOOKMARK [3][-]{subsubsection.6.13.1.5}{\376\377\0006\000.\0001\0003\000.\0001\000.\0005\000\040\000i\000n\000i\000t\000i\000a\000l\000i\000z\000e\000\050\000\051}{subsection.6.13.1}% 123
\BOOKMARK [3][-]{subsubsection.6.13.1.6}{\376\377\0006\000.\0001\0003\000.\0001\000.\0006\000\040\000s\000e\000a\000r\000c\000h\000A\000c\000t\000i\000o\000n\000\050\000\051}{subsection.6.13.1}% 124
\BOOKMARK [3][-]{subsubsection.6.13.1.7}{\376\377\0006\000.\0001\0003\000.\0001\000.\0007\000\040\000s\000e\000t\000D\000e\000f\000a\000u\000l\000t\000T\000e\000x\000t\000\050\000\051}{subsection.6.13.1}% 125
\BOOKMARK [3][-]{subsubsection.6.13.1.8}{\376\377\0006\000.\0001\0003\000.\0001\000.\0008\000\040\000s\000e\000t\000F\000a\000v\000o\000r\000i\000t\000e\000L\000i\000s\000t\000\050\000\051}{subsection.6.13.1}% 126
\BOOKMARK [3][-]{subsubsection.6.13.1.9}{\376\377\0006\000.\0001\0003\000.\0001\000.\0009\000\040\000s\000e\000t\000L\000i\000s\000t\000V\000i\000e\000w\000F\000a\000v\000o\000r\000i\000t\000e\000s\000\050\000\051}{subsection.6.13.1}% 127
\BOOKMARK [3][-]{subsubsection.6.13.1.10}{\376\377\0006\000.\0001\0003\000.\0001\000.\0001\0000\000\040\000s\000h\000o\000w\000E\000r\000r\000o\000r\000D\000i\000a\000l\000o\000g\000\050\000\051}{subsection.6.13.1}% 128
\BOOKMARK [1][-]{section.6.14}{\376\377\0006\000.\0001\0004\000\040\000i\000t\000.\000u\000n\000i\000v\000e\000r\000s\000i\000t\000y\000.\000g\000r\000o\000u\000p\0009\000.\000r\000u\000b\000r\000i\000c\000a\000c\000o\000n\000t\000a\000t\000t\000i\000g\000r\000o\000u\000p\0009\000.\000R\000u\000b\000r\000i\000c\000a\000\040\000C\000l\000a\000s\000s\000\040\000R\000e\000f\000e\000r\000e\000n\000c\000e}{chapter.6}% 129
\BOOKMARK [2][-]{subsection.6.14.1}{\376\377\0006\000.\0001\0004\000.\0001\000\040\000C\000o\000n\000s\000t\000r\000u\000c\000t\000o\000r\000\040\000\046\000\040\000D\000e\000s\000t\000r\000u\000c\000t\000o\000r\000\040\000D\000o\000c\000u\000m\000e\000n\000t\000a\000t\000i\000o\000n}{section.6.14}% 130
\BOOKMARK [3][-]{subsubsection.6.14.1.1}{\376\377\0006\000.\0001\0004\000.\0001\000.\0001\000\040\000R\000u\000b\000r\000i\000c\000a\000\050\000\051}{subsection.6.14.1}% 131
\BOOKMARK [2][-]{subsection.6.14.2}{\376\377\0006\000.\0001\0004\000.\0002\000\040\000M\000e\000m\000b\000e\000r\000\040\000F\000u\000n\000c\000t\000i\000o\000n\000\040\000D\000o\000c\000u\000m\000e\000n\000t\000a\000t\000i\000o\000n}{section.6.14}% 132
\BOOKMARK [3][-]{subsubsection.6.14.2.1}{\376\377\0006\000.\0001\0004\000.\0002\000.\0001\000\040\000a\000d\000d\000C\000o\000n\000t\000a\000c\000t\000\050\000\051}{subsection.6.14.2}% 133
\BOOKMARK [3][-]{subsubsection.6.14.2.2}{\376\377\0006\000.\0001\0004\000.\0002\000.\0002\000\040\000a\000d\000d\000T\000o\000F\000a\000v\000o\000r\000i\000t\000e\000s\000\050\000\051}{subsection.6.14.2}% 134
\BOOKMARK [3][-]{subsubsection.6.14.2.3}{\376\377\0006\000.\0001\0004\000.\0002\000.\0003\000\040\000d\000e\000l\000e\000t\000e\000C\000o\000n\000t\000a\000c\000t\000\050\000\051}{subsection.6.14.2}% 135
\BOOKMARK [3][-]{subsubsection.6.14.2.4}{\376\377\0006\000.\0001\0004\000.\0002\000.\0004\000\040\000e\000d\000i\000t\000C\000o\000n\000t\000a\000c\000t\000\050\000\051}{subsection.6.14.2}% 136
\BOOKMARK [3][-]{subsubsection.6.14.2.5}{\376\377\0006\000.\0001\0004\000.\0002\000.\0005\000\040\000g\000e\000t\000C\000o\000n\000t\000a\000c\000t\000L\000i\000s\000t\000\050\000\051}{subsection.6.14.2}% 137
\BOOKMARK [3][-]{subsubsection.6.14.2.6}{\376\377\0006\000.\0001\0004\000.\0002\000.\0006\000\040\000g\000e\000t\000F\000a\000v\000o\000r\000i\000t\000e\000L\000i\000s\000t\000\050\000\051}{subsection.6.14.2}% 138
\BOOKMARK [3][-]{subsubsection.6.14.2.7}{\376\377\0006\000.\0001\0004\000.\0002\000.\0007\000\040\000r\000e\000m\000o\000v\000e\000F\000r\000o\000m\000F\000a\000v\000o\000r\000i\000t\000e\000s\000\050\000\051}{subsection.6.14.2}% 139
\BOOKMARK [3][-]{subsubsection.6.14.2.8}{\376\377\0006\000.\0001\0004\000.\0002\000.\0008\000\040\000s\000e\000a\000r\000c\000h\000C\000o\000n\000t\000a\000c\000t\000\050\000\051}{subsection.6.14.2}% 140
\BOOKMARK [3][-]{subsubsection.6.14.2.9}{\376\377\0006\000.\0001\0004\000.\0002\000.\0009\000\040\000s\000e\000a\000r\000c\000h\000F\000a\000v\000o\000r\000i\000t\000e\000C\000o\000n\000t\000a\000c\000t\000\050\000\051}{subsection.6.14.2}% 141
\BOOKMARK [3][-]{subsubsection.6.14.2.10}{\376\377\0006\000.\0001\0004\000.\0002\000.\0001\0000\000\040\000s\000e\000t\000C\000o\000n\000t\000a\000c\000t\000L\000i\000s\000t\000\050\000\051}{subsection.6.14.2}% 142
\BOOKMARK [3][-]{subsubsection.6.14.2.11}{\376\377\0006\000.\0001\0004\000.\0002\000.\0001\0001\000\040\000s\000e\000t\000F\000a\000v\000o\000r\000i\000t\000e\000L\000i\000s\000t\000\050\000\051}{subsection.6.14.2}% 143
\BOOKMARK [3][-]{subsubsection.6.14.2.12}{\376\377\0006\000.\0001\0004\000.\0002\000.\0001\0002\000\040\000s\000y\000n\000c\000h\000r\000o\000n\000i\000z\000e\000C\000o\000n\000t\000a\000c\000t\000s\000\050\000\051}{subsection.6.14.2}% 144
\BOOKMARK [1][-]{section.6.15}{\376\377\0006\000.\0001\0005\000\040\000i\000t\000.\000u\000n\000i\000v\000e\000r\000s\000i\000t\000y\000.\000g\000r\000o\000u\000p\0009\000.\000r\000u\000b\000r\000i\000c\000a\000c\000o\000n\000t\000a\000t\000t\000i\000g\000r\000o\000u\000p\0009\000.\000R\000u\000b\000r\000i\000c\000a\000T\000e\000s\000t\000\040\000C\000l\000a\000s\000s\000\040\000R\000e\000f\000e\000r\000e\000n\000c\000e}{chapter.6}% 145
\BOOKMARK [2][-]{subsection.6.15.1}{\376\377\0006\000.\0001\0005\000.\0001\000\040\000M\000e\000m\000b\000e\000r\000\040\000F\000u\000n\000c\000t\000i\000o\000n\000\040\000D\000o\000c\000u\000m\000e\000n\000t\000a\000t\000i\000o\000n}{section.6.15}% 146
\BOOKMARK [3][-]{subsubsection.6.15.1.1}{\376\377\0006\000.\0001\0005\000.\0001\000.\0001\000\040\000t\000e\000s\000t\000A\000d\000d\000C\000o\000n\000t\000a\000c\000t\000\137\000D\000u\000p\000l\000i\000c\000a\000t\000e\000C\000o\000n\000t\000a\000c\000t\000\137\000S\000h\000o\000u\000l\000d\000T\000h\000r\000o\000w\000E\000x\000c\000e\000p\000t\000i\000o\000n\000\050\000\051}{subsection.6.15.1}% 147
\BOOKMARK [3][-]{subsubsection.6.15.1.2}{\376\377\0006\000.\0001\0005\000.\0001\000.\0002\000\040\000t\000e\000s\000t\000A\000d\000d\000C\000o\000n\000t\000a\000c\000t\000\137\000V\000a\000l\000i\000d\000C\000o\000n\000t\000a\000c\000t\000\137\000S\000h\000o\000u\000l\000d\000A\000d\000d\000S\000u\000c\000c\000e\000s\000s\000f\000u\000l\000l\000y\000\050\000\051}{subsection.6.15.1}% 148
\BOOKMARK [3][-]{subsubsection.6.15.1.3}{\376\377\0006\000.\0001\0005\000.\0001\000.\0003\000\040\000t\000e\000s\000t\000A\000d\000d\000T\000o\000F\000a\000v\000o\000r\000i\000t\000e\000s\000\137\000V\000a\000l\000i\000d\000C\000o\000n\000t\000a\000c\000t\000\137\000S\000h\000o\000u\000l\000d\000A\000d\000d\000T\000o\000F\000a\000v\000o\000r\000i\000t\000e\000s\000\050\000\051}{subsection.6.15.1}% 149
\BOOKMARK [3][-]{subsubsection.6.15.1.4}{\376\377\0006\000.\0001\0005\000.\0001\000.\0004\000\040\000t\000e\000s\000t\000D\000e\000l\000e\000t\000e\000C\000o\000n\000t\000a\000c\000t\000\137\000E\000x\000i\000s\000t\000i\000n\000g\000C\000o\000n\000t\000a\000c\000t\000\137\000S\000h\000o\000u\000l\000d\000R\000e\000m\000o\000v\000e\000C\000o\000n\000t\000a\000c\000t\000\050\000\051}{subsection.6.15.1}% 150
\BOOKMARK [3][-]{subsubsection.6.15.1.5}{\376\377\0006\000.\0001\0005\000.\0001\000.\0005\000\040\000t\000e\000s\000t\000D\000e\000l\000e\000t\000e\000C\000o\000n\000t\000a\000c\000t\000\137\000S\000h\000o\000u\000l\000d\000R\000e\000m\000o\000v\000e\000A\000l\000s\000o\000F\000r\000o\000m\000F\000a\000v\000o\000r\000i\000t\000e\000s\000\050\000\051}{subsection.6.15.1}% 151
\BOOKMARK [3][-]{subsubsection.6.15.1.6}{\376\377\0006\000.\0001\0005\000.\0001\000.\0006\000\040\000t\000e\000s\000t\000E\000d\000i\000t\000C\000o\000n\000t\000a\000c\000t\000\137\000V\000a\000l\000i\000d\000E\000d\000i\000t\000\137\000S\000h\000o\000u\000l\000d\000U\000p\000d\000a\000t\000e\000C\000o\000n\000t\000a\000c\000t\000\050\000\051}{subsection.6.15.1}% 152
\BOOKMARK [3][-]{subsubsection.6.15.1.7}{\376\377\0006\000.\0001\0005\000.\0001\000.\0007\000\040\000t\000e\000s\000t\000R\000e\000m\000o\000v\000e\000F\000r\000o\000m\000F\000a\000v\000o\000r\000i\000t\000e\000s\000\137\000E\000x\000i\000s\000t\000i\000n\000g\000F\000a\000v\000o\000r\000i\000t\000e\000\137\000S\000h\000o\000u\000l\000d\000R\000e\000m\000o\000v\000e\000F\000r\000o\000m\000F\000a\000v\000o\000r\000i\000t\000e\000s\000\050\000\051}{subsection.6.15.1}% 153
\BOOKMARK [1][-]{section.6.16}{\376\377\0006\000.\0001\0006\000\040\000i\000t\000.\000u\000n\000i\000v\000e\000r\000s\000i\000t\000y\000.\000g\000r\000o\000u\000p\0009\000.\000r\000u\000b\000r\000i\000c\000a\000c\000o\000n\000t\000a\000t\000t\000i\000g\000r\000o\000u\000p\0009\000.\000I\000n\000p\000u\000t\000O\000u\000t\000p\000u\000t\000.\000S\000a\000l\000v\000a\000C\000a\000r\000i\000c\000a\000P\000r\000e\000f\000e\000r\000i\000t\000i\000\040\000C\000l\000a\000s\000s\000\040\000R\000e\000f\000e\000r\000e\000n\000c\000e}{chapter.6}% 154
\BOOKMARK [2][-]{subsection.6.16.1}{\376\377\0006\000.\0001\0006\000.\0001\000\040\000M\000e\000m\000b\000e\000r\000\040\000F\000u\000n\000c\000t\000i\000o\000n\000\040\000D\000o\000c\000u\000m\000e\000n\000t\000a\000t\000i\000o\000n}{section.6.16}% 155
\BOOKMARK [3][-]{subsubsection.6.16.1.1}{\376\377\0006\000.\0001\0006\000.\0001\000.\0001\000\040\000l\000o\000a\000d\000F\000a\000v\000o\000r\000i\000t\000e\000s\000A\000d\000d\000r\000e\000s\000s\000B\000o\000o\000k\000\050\000\051}{subsection.6.16.1}% 156
\BOOKMARK [3][-]{subsubsection.6.16.1.2}{\376\377\0006\000.\0001\0006\000.\0001\000.\0002\000\040\000s\000a\000v\000e\000F\000a\000v\000o\000r\000i\000t\000e\000s\000A\000d\000d\000r\000e\000s\000s\000B\000o\000o\000k\000\050\000\051}{subsection.6.16.1}% 157
\BOOKMARK [1][-]{section.6.17}{\376\377\0006\000.\0001\0007\000\040\000i\000t\000.\000u\000n\000i\000v\000e\000r\000s\000i\000t\000y\000.\000g\000r\000o\000u\000p\0009\000.\000r\000u\000b\000r\000i\000c\000a\000c\000o\000n\000t\000a\000t\000t\000i\000g\000r\000o\000u\000p\0009\000.\000I\000n\000p\000u\000t\000O\000u\000t\000p\000u\000t\000.\000S\000a\000l\000v\000a\000C\000a\000r\000i\000c\000a\000P\000r\000e\000f\000e\000r\000i\000t\000i\000T\000e\000s\000t\000\040\000C\000l\000a\000s\000s\000\040\000R\000e\000f\000e\000r\000e\000n\000c\000e}{chapter.6}% 158
\BOOKMARK [2][-]{subsection.6.17.1}{\376\377\0006\000.\0001\0007\000.\0001\000\040\000M\000e\000m\000b\000e\000r\000\040\000F\000u\000n\000c\000t\000i\000o\000n\000\040\000D\000o\000c\000u\000m\000e\000n\000t\000a\000t\000i\000o\000n}{section.6.17}% 159
\BOOKMARK [3][-]{subsubsection.6.17.1.1}{\376\377\0006\000.\0001\0007\000.\0001\000.\0001\000\040\000s\000e\000t\000U\000p\000\050\000\051}{subsection.6.17.1}% 160
\BOOKMARK [3][-]{subsubsection.6.17.1.2}{\376\377\0006\000.\0001\0007\000.\0001\000.\0002\000\040\000t\000e\000a\000r\000D\000o\000w\000n\000\050\000\051}{subsection.6.17.1}% 161
\BOOKMARK [3][-]{subsubsection.6.17.1.3}{\376\377\0006\000.\0001\0007\000.\0001\000.\0003\000\040\000t\000e\000s\000t\000L\000o\000a\000d\000F\000a\000v\000o\000r\000i\000t\000e\000s\000A\000d\000d\000r\000e\000s\000s\000B\000o\000o\000k\000\050\000\051}{subsection.6.17.1}% 162
\BOOKMARK [3][-]{subsubsection.6.17.1.4}{\376\377\0006\000.\0001\0007\000.\0001\000.\0004\000\040\000t\000e\000s\000t\000S\000a\000v\000e\000F\000a\000v\000o\000r\000i\000t\000e\000s\000A\000d\000d\000r\000e\000s\000s\000B\000o\000o\000k\000\050\000\051}{subsection.6.17.1}% 163
\BOOKMARK [1][-]{section.6.18}{\376\377\0006\000.\0001\0008\000\040\000i\000t\000.\000u\000n\000i\000v\000e\000r\000s\000i\000t\000y\000.\000g\000r\000o\000u\000p\0009\000.\000r\000u\000b\000r\000i\000c\000a\000c\000o\000n\000t\000a\000t\000t\000i\000g\000r\000o\000u\000p\0009\000.\000I\000n\000p\000u\000t\000O\000u\000t\000p\000u\000t\000.\000S\000a\000l\000v\000a\000C\000a\000r\000i\000c\000a\000R\000u\000b\000r\000i\000c\000a\000\040\000C\000l\000a\000s\000s\000\040\000R\000e\000f\000e\000r\000e\000n\000c\000e}{chapter.6}% 164
\BOOKMARK [2][-]{subsection.6.18.1}{\376\377\0006\000.\0001\0008\000.\0001\000\040\000M\000e\000m\000b\000e\000r\000\040\000F\000u\000n\000c\000t\000i\000o\000n\000\040\000D\000o\000c\000u\000m\000e\000n\000t\000a\000t\000i\000o\000n}{section.6.18}% 165
\BOOKMARK [3][-]{subsubsection.6.18.1.1}{\376\377\0006\000.\0001\0008\000.\0001\000.\0001\000\040\000e\000x\000p\000o\000r\000t\000T\000o\000C\000S\000V\000\050\000\051}{subsection.6.18.1}% 166
\BOOKMARK [3][-]{subsubsection.6.18.1.2}{\376\377\0006\000.\0001\0008\000.\0001\000.\0002\000\040\000l\000o\000a\000d\000A\000d\000d\000r\000e\000s\000s\000B\000o\000o\000k\000\050\000\051}{subsection.6.18.1}% 167
\BOOKMARK [3][-]{subsubsection.6.18.1.3}{\376\377\0006\000.\0001\0008\000.\0001\000.\0003\000\040\000s\000a\000v\000e\000A\000d\000d\000r\000e\000s\000s\000B\000o\000o\000k\000\050\000\051}{subsection.6.18.1}% 168
\BOOKMARK [1][-]{section.6.19}{\376\377\0006\000.\0001\0009\000\040\000i\000t\000.\000u\000n\000i\000v\000e\000r\000s\000i\000t\000y\000.\000g\000r\000o\000u\000p\0009\000.\000r\000u\000b\000r\000i\000c\000a\000c\000o\000n\000t\000a\000t\000t\000i\000g\000r\000o\000u\000p\0009\000.\000I\000n\000p\000u\000t\000O\000u\000t\000p\000u\000t\000.\000S\000a\000l\000v\000a\000C\000a\000r\000i\000c\000a\000R\000u\000b\000r\000i\000c\000a\000T\000e\000s\000t\000\040\000C\000l\000a\000s\000s\000\040\000R\000e\000f\000e\000r\000e\000n\000c\000e}{chapter.6}% 169
\BOOKMARK [2][-]{subsection.6.19.1}{\376\377\0006\000.\0001\0009\000.\0001\000\040\000D\000e\000t\000a\000i\000l\000e\000d\000\040\000D\000e\000s\000c\000r\000i\000p\000t\000i\000o\000n}{section.6.19}% 170
\BOOKMARK [2][-]{subsection.6.19.2}{\376\377\0006\000.\0001\0009\000.\0002\000\040\000C\000o\000n\000s\000t\000r\000u\000c\000t\000o\000r\000\040\000\046\000\040\000D\000e\000s\000t\000r\000u\000c\000t\000o\000r\000\040\000D\000o\000c\000u\000m\000e\000n\000t\000a\000t\000i\000o\000n}{section.6.19}% 171
\BOOKMARK [3][-]{subsubsection.6.19.2.1}{\376\377\0006\000.\0001\0009\000.\0002\000.\0001\000\040\000S\000a\000l\000v\000a\000C\000a\000r\000i\000c\000a\000R\000u\000b\000r\000i\000c\000a\000T\000e\000s\000t\000\050\000\051}{subsection.6.19.2}% 172
\BOOKMARK [2][-]{subsection.6.19.3}{\376\377\0006\000.\0001\0009\000.\0003\000\040\000M\000e\000m\000b\000e\000r\000\040\000F\000u\000n\000c\000t\000i\000o\000n\000\040\000D\000o\000c\000u\000m\000e\000n\000t\000a\000t\000i\000o\000n}{section.6.19}% 173
\BOOKMARK [3][-]{subsubsection.6.19.3.1}{\376\377\0006\000.\0001\0009\000.\0003\000.\0001\000\040\000s\000e\000t\000U\000p\000\050\000\051}{subsection.6.19.3}% 174
\BOOKMARK [3][-]{subsubsection.6.19.3.2}{\376\377\0006\000.\0001\0009\000.\0003\000.\0002\000\040\000s\000e\000t\000U\000p\000C\000l\000a\000s\000s\000\050\000\051}{subsection.6.19.3}% 175
\BOOKMARK [3][-]{subsubsection.6.19.3.3}{\376\377\0006\000.\0001\0009\000.\0003\000.\0003\000\040\000t\000e\000a\000r\000D\000o\000w\000n\000\050\000\051}{subsection.6.19.3}% 176
\BOOKMARK [3][-]{subsubsection.6.19.3.4}{\376\377\0006\000.\0001\0009\000.\0003\000.\0004\000\040\000t\000e\000a\000r\000D\000o\000w\000n\000C\000l\000a\000s\000s\000\050\000\051}{subsection.6.19.3}% 177
\BOOKMARK [3][-]{subsubsection.6.19.3.5}{\376\377\0006\000.\0001\0009\000.\0003\000.\0005\000\040\000t\000e\000s\000t\000E\000x\000p\000o\000r\000t\000T\000o\000C\000S\000V\000\050\000\051}{subsection.6.19.3}% 178
\BOOKMARK [3][-]{subsubsection.6.19.3.6}{\376\377\0006\000.\0001\0009\000.\0003\000.\0006\000\040\000t\000e\000s\000t\000L\000o\000a\000d\000A\000d\000d\000r\000e\000s\000s\000B\000o\000o\000k\000\050\000\051}{subsection.6.19.3}% 179
\BOOKMARK [3][-]{subsubsection.6.19.3.7}{\376\377\0006\000.\0001\0009\000.\0003\000.\0007\000\040\000t\000e\000s\000t\000S\000a\000v\000e\000A\000d\000d\000r\000e\000s\000s\000B\000o\000o\000k\000\050\000\051}{subsection.6.19.3}% 180
\BOOKMARK [1][-]{section.6.20}{\376\377\0006\000.\0002\0000\000\040\000i\000t\000.\000u\000n\000i\000v\000e\000r\000s\000i\000t\000y\000.\000g\000r\000o\000u\000p\0009\000.\000r\000u\000b\000r\000i\000c\000a\000c\000o\000n\000t\000a\000t\000t\000i\000g\000r\000o\000u\000p\0009\000.\000V\000i\000s\000u\000a\000l\000i\000z\000z\000a\000z\000i\000o\000n\000e\000C\000o\000n\000t\000a\000t\000t\000i\000\040\000C\000l\000a\000s\000s\000\040\000R\000e\000f\000e\000r\000e\000n\000c\000e}{chapter.6}% 181
\BOOKMARK [2][-]{subsection.6.20.1}{\376\377\0006\000.\0002\0000\000.\0001\000\040\000D\000e\000t\000a\000i\000l\000e\000d\000\040\000D\000e\000s\000c\000r\000i\000p\000t\000i\000o\000n}{section.6.20}% 182
\BOOKMARK [2][-]{subsection.6.20.2}{\376\377\0006\000.\0002\0000\000.\0002\000\040\000M\000e\000m\000b\000e\000r\000\040\000F\000u\000n\000c\000t\000i\000o\000n\000\040\000D\000o\000c\000u\000m\000e\000n\000t\000a\000t\000i\000o\000n}{section.6.20}% 183
\BOOKMARK [3][-]{subsubsection.6.20.2.1}{\376\377\0006\000.\0002\0000\000.\0002\000.\0001\000\040\000r\000e\000s\000e\000t\000C\000o\000n\000t\000a\000c\000t\000D\000e\000t\000a\000i\000l\000s\000\050\000\051}{subsection.6.20.2}% 184
\BOOKMARK [3][-]{subsubsection.6.20.2.2}{\376\377\0006\000.\0002\0000\000.\0002\000.\0002\000\040\000u\000p\000d\000a\000t\000e\000C\000o\000n\000t\000a\000c\000t\000D\000e\000t\000a\000i\000l\000s\000\050\000\051}{subsection.6.20.2}% 185
\BOOKMARK [0][-]{chapter.7}{\376\377\0007\000\040\000F\000i\000l\000e\000\040\000D\000o\000c\000u\000m\000e\000n\000t\000a\000t\000i\000o\000n}{}% 186
\BOOKMARK [1][-]{section.7.1}{\376\377\0007\000.\0001\000\040\000s\000r\000c\000/\000m\000a\000i\000n\000/\000j\000a\000v\000a\000/\000i\000t\000/\000u\000n\000i\000v\000e\000r\000s\000i\000t\000y\000/\000g\000r\000o\000u\000p\0009\000/\000r\000u\000b\000r\000i\000c\000a\000c\000o\000n\000t\000a\000t\000t\000i\000g\000r\000o\000u\000p\0009\000/\000A\000p\000p\000.\000j\000a\000v\000a\000\040\000F\000i\000l\000e\000\040\000R\000e\000f\000e\000r\000e\000n\000c\000e}{chapter.7}% 187
\BOOKMARK [1][-]{section.7.2}{\376\377\0007\000.\0002\000\040\000s\000r\000c\000/\000m\000a\000i\000n\000/\000j\000a\000v\000a\000/\000i\000t\000/\000u\000n\000i\000v\000e\000r\000s\000i\000t\000y\000/\000g\000r\000o\000u\000p\0009\000/\000r\000u\000b\000r\000i\000c\000a\000c\000o\000n\000t\000a\000t\000t\000i\000g\000r\000o\000u\000p\0009\000/\000C\000o\000n\000t\000a\000t\000t\000o\000.\000j\000a\000v\000a\000\040\000F\000i\000l\000e\000\040\000R\000e\000f\000e\000r\000e\000n\000c\000e}{chapter.7}% 188
\BOOKMARK [2][-]{subsection.7.2.1}{\376\377\0007\000.\0002\000.\0001\000\040\000D\000e\000t\000a\000i\000l\000e\000d\000\040\000D\000e\000s\000c\000r\000i\000p\000t\000i\000o\000n}{section.7.2}% 189
\BOOKMARK [1][-]{section.7.3}{\376\377\0007\000.\0003\000\040\000s\000r\000c\000/\000m\000a\000i\000n\000/\000j\000a\000v\000a\000/\000i\000t\000/\000u\000n\000i\000v\000e\000r\000s\000i\000t\000y\000/\000g\000r\000o\000u\000p\0009\000/\000r\000u\000b\000r\000i\000c\000a\000c\000o\000n\000t\000a\000t\000t\000i\000g\000r\000o\000u\000p\0009\000/\000e\000x\000c\000e\000p\000t\000i\000o\000n\000s\000/\000C\000a\000m\000p\000o\000N\000o\000n\000V\000a\000l\000i\000d\000o\000E\000x\000c\000e\000p\000t\000i\000o\000n\000.\000j\000a\000v\000a\000\040\000F\000i\000l\000e\000\040\000R\000e\000f\000e\000r\000e\000n\000c\000e}{chapter.7}% 190
\BOOKMARK [2][-]{subsection.7.3.1}{\376\377\0007\000.\0003\000.\0001\000\040\000D\000e\000t\000a\000i\000l\000e\000d\000\040\000D\000e\000s\000c\000r\000i\000p\000t\000i\000o\000n}{section.7.3}% 191
\BOOKMARK [1][-]{section.7.4}{\376\377\0007\000.\0004\000\040\000s\000r\000c\000/\000m\000a\000i\000n\000/\000j\000a\000v\000a\000/\000i\000t\000/\000u\000n\000i\000v\000e\000r\000s\000i\000t\000y\000/\000g\000r\000o\000u\000p\0009\000/\000r\000u\000b\000r\000i\000c\000a\000c\000o\000n\000t\000a\000t\000t\000i\000g\000r\000o\000u\000p\0009\000/\000G\000e\000s\000t\000i\000o\000n\000e\000R\000u\000b\000r\000i\000c\000a\000.\000j\000a\000v\000a\000\040\000F\000i\000l\000e\000\040\000R\000e\000f\000e\000r\000e\000n\000c\000e}{chapter.7}% 192
\BOOKMARK [2][-]{subsection.7.4.1}{\376\377\0007\000.\0004\000.\0001\000\040\000D\000e\000t\000a\000i\000l\000e\000d\000\040\000D\000e\000s\000c\000r\000i\000p\000t\000i\000o\000n}{section.7.4}% 193
\BOOKMARK [1][-]{section.7.5}{\376\377\0007\000.\0005\000\040\000s\000r\000c\000/\000m\000a\000i\000n\000/\000j\000a\000v\000a\000/\000i\000t\000/\000u\000n\000i\000v\000e\000r\000s\000i\000t\000y\000/\000g\000r\000o\000u\000p\0009\000/\000r\000u\000b\000r\000i\000c\000a\000c\000o\000n\000t\000a\000t\000t\000i\000g\000r\000o\000u\000p\0009\000/\000G\000e\000s\000t\000i\000o\000n\000e\000R\000u\000b\000r\000i\000c\000a\000C\000o\000n\000t\000r\000o\000l\000l\000e\000r\000.\000j\000a\000v\000a\000\040\000F\000i\000l\000e\000\040\000R\000e\000f\000e\000r\000e\000n\000c\000e}{chapter.7}% 194
\BOOKMARK [1][-]{section.7.6}{\376\377\0007\000.\0006\000\040\000s\000r\000c\000/\000m\000a\000i\000n\000/\000j\000a\000v\000a\000/\000i\000t\000/\000u\000n\000i\000v\000e\000r\000s\000i\000t\000y\000/\000g\000r\000o\000u\000p\0009\000/\000r\000u\000b\000r\000i\000c\000a\000c\000o\000n\000t\000a\000t\000t\000i\000g\000r\000o\000u\000p\0009\000/\000I\000n\000p\000u\000t\000O\000u\000t\000p\000u\000t\000/\000S\000a\000l\000v\000a\000C\000a\000r\000i\000c\000a\000P\000r\000e\000f\000e\000r\000i\000t\000i\000.\000j\000a\000v\000a\000\040\000F\000i\000l\000e\000\040\000R\000e\000f\000e\000r\000e\000n\000c\000e}{chapter.7}% 195
\BOOKMARK [2][-]{subsection.7.6.1}{\376\377\0007\000.\0006\000.\0001\000\040\000D\000e\000t\000a\000i\000l\000e\000d\000\040\000D\000e\000s\000c\000r\000i\000p\000t\000i\000o\000n}{section.7.6}% 196
\BOOKMARK [1][-]{section.7.7}{\376\377\0007\000.\0007\000\040\000s\000r\000c\000/\000m\000a\000i\000n\000/\000j\000a\000v\000a\000/\000i\000t\000/\000u\000n\000i\000v\000e\000r\000s\000i\000t\000y\000/\000g\000r\000o\000u\000p\0009\000/\000r\000u\000b\000r\000i\000c\000a\000c\000o\000n\000t\000a\000t\000t\000i\000g\000r\000o\000u\000p\0009\000/\000I\000n\000p\000u\000t\000O\000u\000t\000p\000u\000t\000/\000S\000a\000l\000v\000a\000C\000a\000r\000i\000c\000a\000R\000u\000b\000r\000i\000c\000a\000.\000j\000a\000v\000a\000\040\000F\000i\000l\000e\000\040\000R\000e\000f\000e\000r\000e\000n\000c\000e}{chapter.7}% 197
\BOOKMARK [1][-]{section.7.8}{\376\377\0007\000.\0008\000\040\000s\000r\000c\000/\000m\000a\000i\000n\000/\000j\000a\000v\000a\000/\000i\000t\000/\000u\000n\000i\000v\000e\000r\000s\000i\000t\000y\000/\000g\000r\000o\000u\000p\0009\000/\000r\000u\000b\000r\000i\000c\000a\000c\000o\000n\000t\000a\000t\000t\000i\000g\000r\000o\000u\000p\0009\000/\000I\000n\000t\000e\000r\000f\000a\000c\000c\000i\000a\000A\000g\000g\000i\000u\000n\000g\000i\000M\000o\000d\000i\000f\000i\000c\000a\000C\000o\000n\000t\000r\000o\000l\000l\000e\000r\000.\000j\000a\000v\000a\000\040\000F\000i\000l\000e\000\040\000R\000e\000f\000e\000r\000e\000n\000c\000e}{chapter.7}% 198
\BOOKMARK [2][-]{subsection.7.8.1}{\376\377\0007\000.\0008\000.\0001\000\040\000D\000e\000t\000a\000i\000l\000e\000d\000\040\000D\000e\000s\000c\000r\000i\000p\000t\000i\000o\000n}{section.7.8}% 199
\BOOKMARK [1][-]{section.7.9}{\376\377\0007\000.\0009\000\040\000s\000r\000c\000/\000m\000a\000i\000n\000/\000j\000a\000v\000a\000/\000i\000t\000/\000u\000n\000i\000v\000e\000r\000s\000i\000t\000y\000/\000g\000r\000o\000u\000p\0009\000/\000r\000u\000b\000r\000i\000c\000a\000c\000o\000n\000t\000a\000t\000t\000i\000g\000r\000o\000u\000p\0009\000/\000I\000n\000t\000e\000r\000f\000a\000c\000c\000i\000a\000U\000t\000e\000n\000t\000e\000C\000o\000n\000t\000r\000o\000l\000l\000e\000r\000.\000j\000a\000v\000a\000\040\000F\000i\000l\000e\000\040\000R\000e\000f\000e\000r\000e\000n\000c\000e}{chapter.7}% 200
\BOOKMARK [2][-]{subsection.7.9.1}{\376\377\0007\000.\0009\000.\0001\000\040\000D\000e\000t\000a\000i\000l\000e\000d\000\040\000D\000e\000s\000c\000r\000i\000p\000t\000i\000o\000n}{section.7.9}% 201
\BOOKMARK [1][-]{section.7.10}{\376\377\0007\000.\0001\0000\000\040\000s\000r\000c\000/\000m\000a\000i\000n\000/\000j\000a\000v\000a\000/\000i\000t\000/\000u\000n\000i\000v\000e\000r\000s\000i\000t\000y\000/\000g\000r\000o\000u\000p\0009\000/\000r\000u\000b\000r\000i\000c\000a\000c\000o\000n\000t\000a\000t\000t\000i\000g\000r\000o\000u\000p\0009\000/\000M\000e\000n\000u\000P\000r\000e\000f\000e\000r\000i\000t\000i\000C\000o\000n\000t\000r\000o\000l\000l\000e\000r\000.\000j\000a\000v\000a\000\040\000F\000i\000l\000e\000\040\000R\000e\000f\000e\000r\000e\000n\000c\000e}{chapter.7}% 202
\BOOKMARK [2][-]{subsection.7.10.1}{\376\377\0007\000.\0001\0000\000.\0001\000\040\000D\000e\000t\000a\000i\000l\000e\000d\000\040\000D\000e\000s\000c\000r\000i\000p\000t\000i\000o\000n}{section.7.10}% 203
\BOOKMARK [1][-]{section.7.11}{\376\377\0007\000.\0001\0001\000\040\000s\000r\000c\000/\000m\000a\000i\000n\000/\000j\000a\000v\000a\000/\000i\000t\000/\000u\000n\000i\000v\000e\000r\000s\000i\000t\000y\000/\000g\000r\000o\000u\000p\0009\000/\000r\000u\000b\000r\000i\000c\000a\000c\000o\000n\000t\000a\000t\000t\000i\000g\000r\000o\000u\000p\0009\000/\000R\000u\000b\000r\000i\000c\000a\000.\000j\000a\000v\000a\000\040\000F\000i\000l\000e\000\040\000R\000e\000f\000e\000r\000e\000n\000c\000e}{chapter.7}% 204
\BOOKMARK [2][-]{subsection.7.11.1}{\376\377\0007\000.\0001\0001\000.\0001\000\040\000D\000e\000t\000a\000i\000l\000e\000d\000\040\000D\000e\000s\000c\000r\000i\000p\000t\000i\000o\000n}{section.7.11}% 205
\BOOKMARK [1][-]{section.7.12}{\376\377\0007\000.\0001\0002\000\040\000s\000r\000c\000/\000m\000a\000i\000n\000/\000j\000a\000v\000a\000/\000i\000t\000/\000u\000n\000i\000v\000e\000r\000s\000i\000t\000y\000/\000g\000r\000o\000u\000p\0009\000/\000r\000u\000b\000r\000i\000c\000a\000c\000o\000n\000t\000a\000t\000t\000i\000g\000r\000o\000u\000p\0009\000/\000v\000a\000l\000i\000d\000a\000t\000o\000r\000s\000/\000C\000o\000n\000t\000a\000t\000t\000o\000V\000a\000l\000i\000d\000a\000t\000o\000r\000.\000j\000a\000v\000a\000\040\000F\000i\000l\000e\000\040\000R\000e\000f\000e\000r\000e\000n\000c\000e}{chapter.7}% 206
\BOOKMARK [2][-]{subsection.7.12.1}{\376\377\0007\000.\0001\0002\000.\0001\000\040\000D\000e\000t\000a\000i\000l\000e\000d\000\040\000D\000e\000s\000c\000r\000i\000p\000t\000i\000o\000n}{section.7.12}% 207
\BOOKMARK [1][-]{section.7.13}{\376\377\0007\000.\0001\0003\000\040\000s\000r\000c\000/\000m\000a\000i\000n\000/\000j\000a\000v\000a\000/\000i\000t\000/\000u\000n\000i\000v\000e\000r\000s\000i\000t\000y\000/\000g\000r\000o\000u\000p\0009\000/\000r\000u\000b\000r\000i\000c\000a\000c\000o\000n\000t\000a\000t\000t\000i\000g\000r\000o\000u\000p\0009\000/\000v\000a\000l\000i\000d\000a\000t\000o\000r\000s\000/\000G\000e\000s\000t\000i\000o\000n\000e\000D\000u\000p\000l\000i\000c\000a\000t\000i\000.\000j\000a\000v\000a\000\040\000F\000i\000l\000e\000\040\000R\000e\000f\000e\000r\000e\000n\000c\000e}{chapter.7}% 208
\BOOKMARK [2][-]{subsection.7.13.1}{\376\377\0007\000.\0001\0003\000.\0001\000\040\000D\000e\000t\000a\000i\000l\000e\000d\000\040\000D\000e\000s\000c\000r\000i\000p\000t\000i\000o\000n}{section.7.13}% 209
\BOOKMARK [1][-]{section.7.14}{\376\377\0007\000.\0001\0004\000\040\000s\000r\000c\000/\000m\000a\000i\000n\000/\000j\000a\000v\000a\000/\000i\000t\000/\000u\000n\000i\000v\000e\000r\000s\000i\000t\000y\000/\000g\000r\000o\000u\000p\0009\000/\000r\000u\000b\000r\000i\000c\000a\000c\000o\000n\000t\000a\000t\000t\000i\000g\000r\000o\000u\000p\0009\000/\000V\000i\000s\000u\000a\000l\000i\000z\000z\000a\000z\000i\000o\000n\000e\000C\000o\000n\000t\000a\000t\000t\000i\000.\000j\000a\000v\000a\000\040\000F\000i\000l\000e\000\040\000R\000e\000f\000e\000r\000e\000n\000c\000e}{chapter.7}% 210
\BOOKMARK [1][-]{section.7.15}{\376\377\0007\000.\0001\0005\000\040\000s\000r\000c\000/\000m\000a\000i\000n\000/\000j\000a\000v\000a\000/\000m\000o\000d\000u\000l\000e\000-\000i\000n\000f\000o\000.\000j\000a\000v\000a\000\040\000F\000i\000l\000e\000\040\000R\000e\000f\000e\000r\000e\000n\000c\000e}{chapter.7}% 211
\BOOKMARK [1][-]{section.7.16}{\376\377\0007\000.\0001\0006\000\040\000s\000r\000c\000/\000t\000e\000s\000t\000/\000j\000a\000v\000a\000/\000i\000t\000/\000u\000n\000i\000v\000e\000r\000s\000i\000t\000y\000/\000g\000r\000o\000u\000p\0009\000/\000r\000u\000b\000r\000i\000c\000a\000c\000o\000n\000t\000a\000t\000t\000i\000g\000r\000o\000u\000p\0009\000/\000C\000o\000n\000t\000a\000t\000t\000o\000T\000e\000s\000t\000.\000j\000a\000v\000a\000\040\000F\000i\000l\000e\000\040\000R\000e\000f\000e\000r\000e\000n\000c\000e}{chapter.7}% 212
\BOOKMARK [1][-]{section.7.17}{\376\377\0007\000.\0001\0007\000\040\000s\000r\000c\000/\000t\000e\000s\000t\000/\000j\000a\000v\000a\000/\000i\000t\000/\000u\000n\000i\000v\000e\000r\000s\000i\000t\000y\000/\000g\000r\000o\000u\000p\0009\000/\000r\000u\000b\000r\000i\000c\000a\000c\000o\000n\000t\000a\000t\000t\000i\000g\000r\000o\000u\000p\0009\000/\000I\000n\000p\000u\000t\000O\000u\000t\000p\000u\000t\000/\000S\000a\000l\000v\000a\000C\000a\000r\000i\000c\000a\000P\000r\000e\000f\000e\000r\000i\000t\000i\000T\000e\000s\000t\000.\000j\000a\000v\000a\000\040\000F\000i\000l\000e\000\040\000R\000e\000f\000e\000r\000e\000n\000c\000e}{chapter.7}% 213
\BOOKMARK [1][-]{section.7.18}{\376\377\0007\000.\0001\0008\000\040\000s\000r\000c\000/\000t\000e\000s\000t\000/\000j\000a\000v\000a\000/\000i\000t\000/\000u\000n\000i\000v\000e\000r\000s\000i\000t\000y\000/\000g\000r\000o\000u\000p\0009\000/\000r\000u\000b\000r\000i\000c\000a\000c\000o\000n\000t\000a\000t\000t\000i\000g\000r\000o\000u\000p\0009\000/\000I\000n\000p\000u\000t\000O\000u\000t\000p\000u\000t\000/\000S\000a\000l\000v\000a\000C\000a\000r\000i\000c\000a\000R\000u\000b\000r\000i\000c\000a\000T\000e\000s\000t\000.\000j\000a\000v\000a\000\040\000F\000i\000l\000e\000\040\000R\000e\000f\000e\000r\000e\000n\000c\000e}{chapter.7}% 214
\BOOKMARK [1][-]{section.7.19}{\376\377\0007\000.\0001\0009\000\040\000s\000r\000c\000/\000t\000e\000s\000t\000/\000j\000a\000v\000a\000/\000i\000t\000/\000u\000n\000i\000v\000e\000r\000s\000i\000t\000y\000/\000g\000r\000o\000u\000p\0009\000/\000r\000u\000b\000r\000i\000c\000a\000c\000o\000n\000t\000a\000t\000t\000i\000g\000r\000o\000u\000p\0009\000/\000R\000u\000b\000r\000i\000c\000a\000T\000e\000s\000t\000.\000j\000a\000v\000a\000\040\000F\000i\000l\000e\000\040\000R\000e\000f\000e\000r\000e\000n\000c\000e}{chapter.7}% 215
\BOOKMARK [1][-]{section.7.20}{\376\377\0007\000.\0002\0000\000\040\000s\000r\000c\000/\000t\000e\000s\000t\000/\000j\000a\000v\000a\000/\000i\000t\000/\000u\000n\000i\000v\000e\000r\000s\000i\000t\000y\000/\000g\000r\000o\000u\000p\0009\000/\000r\000u\000b\000r\000i\000c\000a\000c\000o\000n\000t\000a\000t\000t\000i\000g\000r\000o\000u\000p\0009\000/\000v\000a\000l\000i\000d\000a\000t\000o\000r\000s\000/\000C\000o\000n\000t\000a\000t\000t\000o\000V\000a\000l\000i\000d\000a\000t\000o\000r\000T\000e\000s\000t\000.\000j\000a\000v\000a\000\040\000F\000i\000l\000e\000\040\000R\000e\000f\000e\000r\000e\000n\000c\000e}{chapter.7}% 216
\BOOKMARK [1][-]{section.7.21}{\376\377\0007\000.\0002\0001\000\040\000s\000r\000c\000/\000t\000e\000s\000t\000/\000j\000a\000v\000a\000/\000i\000t\000/\000u\000n\000i\000v\000e\000r\000s\000i\000t\000y\000/\000g\000r\000o\000u\000p\0009\000/\000r\000u\000b\000r\000i\000c\000a\000c\000o\000n\000t\000a\000t\000t\000i\000g\000r\000o\000u\000p\0009\000/\000v\000a\000l\000i\000d\000a\000t\000o\000r\000s\000/\000G\000e\000s\000t\000i\000o\000n\000e\000D\000u\000p\000l\000i\000c\000a\000t\000i\000T\000e\000s\000t\000.\000j\000a\000v\000a\000\040\000F\000i\000l\000e\000\040\000R\000e\000f\000e\000r\000e\000n\000c\000e}{chapter.7}% 217
